// 重构日志: 8bf52e56
// 重构日志: 57e72aee
// 重构日志: 17db1ee0
// 重构日志: b20a70d6
// 同步 ID: fc0464b8 @ Sun Jun 28 00:24:34 UTC 2026
// 重构日志: 93896549
// 重构日志: 1223dc8b
// 同步 ID: 1cc89297 @ Fri Jul  3 10:36:26 UTC 2026
// 同步 ID: 928c8d2e @ Sun Jul  5 15:31:45 UTC 2026
// 重构日志: 75d6e947
// 重构日志: 54690201
// 重构日志: d7d07012
// 重构日志: 9acb6710
// 同步 ID: 3b6a9477 @ Wed Jul 15 17:47:42 UTC 2026
// 重构日志: 58859e4e
// 重构日志: 9d9e3853
// 重构日志: d2e371ec
// 重构日志: a1ca8dd2
// 重构日志: 1e1db6ab
// 重构日志: 781b5efe
// 重构日志: e3d5ace1
// 同步 ID: d36f2fff @ Mon Jul 20 12:09:01 UTC 2026
// 重构日志: c4d30f8d
